Flow report for MC1
Sun Aug  4 22:03:59 2024
Quartus II 32-bit Version 13.0.1 Build 232 06/12/2013 Service Pack 1 SJ Web Edition


---------------------
; Table of Contents ;
---------------------
  1. Legal Notice
  2. Flow Summary
  3. Flow Settings
  4. Flow Non-Default Global Settings
  5. Flow Elapsed Time
  6. Flow OS Summary
  7. Flow Log
  8. Flow Messages
  9. Flow Suppressed Messages



----------------
; Legal Notice ;
----------------
Copyright (C) 1991-2013 Altera Corporation
Your use of Altera Corporation's design tools, logic functions 
and other software and tools, and its AMPP partner logic 
functions, and any output files from any of the foregoing 
(including device programming or simulation files), and any 
associated documentation or information are expressly subject 
to the terms and conditions of the Altera Program License 
Subscription Agreement, Altera MegaCore Function License 
Agreement, or other applicable license agreement, including, 
without limitation, that your use is for the sole purpose of 
programming logic devices manufactured by Altera and sold by 
Altera or its authorized distributors.  Please refer to the 
applicable agreement for further details.



+--------------------------------------------------------------------------------------+
; Flow Summary                                                                         ;
+------------------------------------+-------------------------------------------------+
; Flow Status                        ; Successful - Sun Aug  4 22:03:59 2024           ;
; Quartus II 32-bit Version          ; 13.0.1 Build 232 06/12/2013 SP 1 SJ Web Edition ;
; Revision Name                      ; MC1                                             ;
; Top-level Entity Name              ; REGISTER32bit                                   ;
; Family                             ; Cyclone II                                      ;
; Total logic elements               ; 97 / 14,448 ( < 1 % )                           ;
;     Total combinational functions  ; 97 / 14,448 ( < 1 % )                           ;
;     Dedicated logic registers      ; 32 / 14,448 ( < 1 % )                           ;
; Total registers                    ; 32                                              ;
; Total pins                         ; 166 / 315 ( 53 % )                              ;
; Total virtual pins                 ; 0                                               ;
; Total memory bits                  ; 0 / 239,616 ( 0 % )                             ;
; Embedded Multiplier 9-bit elements ; 0 / 52 ( 0 % )                                  ;
; Total PLLs                         ; 0 / 4 ( 0 % )                                   ;
; Device                             ; EP2C15AF484C6                                   ;
; Timing Models                      ; Final                                           ;
+------------------------------------+-------------------------------------------------+


+-----------------------------------------+
; Flow Settings                           ;
+-------------------+---------------------+
; Option            ; Setting             ;
+-------------------+---------------------+
; Start date & time ; 08/04/2024 22:03:48 ;
; Main task         ; Compilation         ;
; Revision Name     ; MC1                 ;
+-------------------+---------------------+


+------------------------------------------------------------------------------------------------------------------+
; Flow Non-Default Global Settings                                                                                 ;
+-------------------------------------+---------------------------+---------------+---------------+----------------+
; Assignment Name                     ; Value                     ; Default Value ; Entity Name   ; Section Id     ;
+-------------------------------------+---------------------------+---------------+---------------+----------------+
; COMPILER_SIGNATURE_ID               ; 0.172281982754257         ; --            ; --            ; --             ;
; EDA_GENERATE_FUNCTIONAL_NETLIST     ; Off                       ; --            ; --            ; eda_simulation ;
; EDA_OUTPUT_DATA_FORMAT              ; Verilog Hdl               ; --            ; --            ; eda_simulation ;
; EDA_SIMULATION_TOOL                 ; ModelSim-Altera (Verilog) ; <None>        ; --            ; --             ;
; EDA_TIME_SCALE                      ; 1 ps                      ; --            ; --            ; eda_simulation ;
; PARTITION_COLOR                     ; 16764057                  ; --            ; REGISTER32bit ; Top            ;
; PARTITION_FITTER_PRESERVATION_LEVEL ; PLACEMENT_AND_ROUTING     ; --            ; REGISTER32bit ; Top            ;
; PARTITION_NETLIST_TYPE              ; SOURCE                    ; --            ; REGISTER32bit ; Top            ;
; PROJECT_OUTPUT_DIRECTORY            ; output_files              ; --            ; --            ; --             ;
; TOP_LEVEL_ENTITY                    ; REGISTER32bit             ; MC1           ; --            ; --             ;
+-------------------------------------+---------------------------+---------------+---------------+----------------+


+-------------------------------------------------------------------------------------------------------------------------------+
; Flow Elapsed Time                                                                                                             ;
+---------------------------+--------------+-------------------------+---------------------+------------------------------------+
; Module Name               ; Elapsed Time ; Average Processors Used ; Peak Virtual Memory ; Total CPU Time (on all processors) ;
+---------------------------+--------------+-------------------------+---------------------+------------------------------------+
; Analysis & Synthesis      ; 00:00:01     ; 1.0                     ; 340 MB              ; 00:00:01                           ;
; Fitter                    ; 00:00:04     ; 1.0                     ; 432 MB              ; 00:00:04                           ;
; Assembler                 ; 00:00:02     ; 1.0                     ; 338 MB              ; 00:00:01                           ;
; TimeQuest Timing Analyzer ; 00:00:01     ; 1.0                     ; 304 MB              ; 00:00:01                           ;
; EDA Netlist Writer        ; 00:00:00     ; 1.0                     ; 314 MB              ; 00:00:00                           ;
; Total                     ; 00:00:08     ; --                      ; --                  ; 00:00:07                           ;
+---------------------------+--------------+-------------------------+---------------------+------------------------------------+


+-------------------------------------------------------------------------------------------+
; Flow OS Summary                                                                           ;
+---------------------------+------------------+-------------+-------------+----------------+
; Module Name               ; Machine Hostname ; OS Name     ; OS Version  ; Processor type ;
+---------------------------+------------------+-------------+-------------+----------------+
; Analysis & Synthesis      ; fedora           ; Fedora Core ; Fedora Core ; x86_64         ;
; Fitter                    ; fedora           ; Fedora Core ; Fedora Core ; x86_64         ;
; Assembler                 ; fedora           ; Fedora Core ; Fedora Core ; x86_64         ;
; TimeQuest Timing Analyzer ; fedora           ; Fedora Core ; Fedora Core ; x86_64         ;
; EDA Netlist Writer        ; fedora           ; Fedora Core ; Fedora Core ; x86_64         ;
+---------------------------+------------------+-------------+-------------+----------------+


------------
; Flow Log ;
------------
quartus_map --read_settings_files=on --write_settings_files=off MC1 -c MC1
quartus_fit --read_settings_files=off --write_settings_files=off MC1 -c MC1
quartus_asm --read_settings_files=off --write_settings_files=off MC1 -c MC1
quartus_sta MC1 -c MC1
quartus_eda --read_settings_files=off --write_settings_files=off MC1 -c MC1



